1714033496.139736 client started (230430): version 3.4, socket /run/user/1000/tmux-1000/default, protocol 8
1714033496.139760 on Linux 6.6.25 #1-NixOS SMP PREEMPT_DYNAMIC Thu Apr  4 18:23:07 UTC 2024
1714033496.139762 using libevent 2.1.12-stable poll
1714033496.139766 using utf8proc 2.9.0
1714033496.139769 using ncurses 6.4 20221231
1714033496.139778 flags are 0x18010000
1714033496.139787 socket is /run/user/1000/tmux-1000/default
1714033496.139794 trying connect
1714033496.139804 connect failed: Connection refused
1714033496.139810 lock file is /run/user/1000/tmux-1000/default.lock
1714033496.139824 flock succeeded
1714033496.139825 got lock (6)
1714033496.139830 trying connect
1714033496.139835 connect failed: Connection refused
1714033496.140078 add peer 0xb2c190: 7 ((nil))
1714033496.140375 sending message 100 to peer 0xb2c190 (4 bytes)
1714033496.140379 sending message 111 to peer 0xb2c190 (8 bytes)
1714033496.140381 sending message 101 to peer 0xb2c190 (15 bytes)
1714033496.140383 sending message 109 to peer 0xb2c190 (4 bytes)
1714033496.140385 sending message 102 to peer 0xb2c190 (11 bytes)
1714033496.140387 sending message 108 to peer 0xb2c190 (31 bytes)
1714033496.140389 sending message 112 to peer 0xb2c190 (58 bytes)
1714033496.140390 sending message 112 to peer 0xb2c190 (5 bytes)
1714033496.140392 sending message 112 to peer 0xb2c190 (5 bytes)
1714033496.140394 sending message 112 to peer 0xb2c190 (6 bytes)
1714033496.140396 sending message 112 to peer 0xb2c190 (6 bytes)
1714033496.140398 sending message 112 to peer 0xb2c190 (11 bytes)
1714033496.140400 sending message 112 to peer 0xb2c190 (10 bytes)
1714033496.140402 sending message 112 to peer 0xb2c190 (13 bytes)
1714033496.140404 sending message 112 to peer 0xb2c190 (14 bytes)
1714033496.140406 sending message 112 to peer 0xb2c190 (19 bytes)
1714033496.140408 sending message 112 to peer 0xb2c190 (11 bytes)
1714033496.140409 sending message 112 to peer 0xb2c190 (10 bytes)
1714033496.140411 sending message 112 to peer 0xb2c190 (15 bytes)
1714033496.140413 sending message 112 to peer 0xb2c190 (21 bytes)
1714033496.140415 sending message 112 to peer 0xb2c190 (13 bytes)
1714033496.140417 sending message 112 to peer 0xb2c190 (7 bytes)
1714033496.140419 sending message 112 to peer 0xb2c190 (13 bytes)
1714033496.140421 sending message 112 to peer 0xb2c190 (7 bytes)
1714033496.140423 sending message 112 to peer 0xb2c190 (13 bytes)
1714033496.140425 sending message 112 to peer 0xb2c190 (9 bytes)
1714033496.140426 sending message 112 to peer 0xb2c190 (21 bytes)
1714033496.140428 sending message 112 to peer 0xb2c190 (13 bytes)
1714033496.140430 sending message 112 to peer 0xb2c190 (9 bytes)
1714033496.140432 sending message 112 to peer 0xb2c190 (16 bytes)
1714033496.140434 sending message 112 to peer 0xb2c190 (13 bytes)
1714033496.140436 sending message 112 to peer 0xb2c190 (9 bytes)
1714033496.140438 sending message 112 to peer 0xb2c190 (9 bytes)
1714033496.140440 sending message 112 to peer 0xb2c190 (12 bytes)
1714033496.140441 sending message 112 to peer 0xb2c190 (8 bytes)
1714033496.140443 sending message 112 to peer 0xb2c190 (8 bytes)
1714033496.140445 sending message 112 to peer 0xb2c190 (13 bytes)
1714033496.140447 sending message 112 to peer 0xb2c190 (7 bytes)
1714033496.140449 sending message 112 to peer 0xb2c190 (7 bytes)
1714033496.140451 sending message 112 to peer 0xb2c190 (9 bytes)
1714033496.140453 sending message 112 to peer 0xb2c190 (9 bytes)
1714033496.140455 sending message 112 to peer 0xb2c190 (15 bytes)
1714033496.140456 sending message 112 to peer 0xb2c190 (13 bytes)
1714033496.140458 sending message 112 to peer 0xb2c190 (12 bytes)
1714033496.140460 sending message 112 to peer 0xb2c190 (8 bytes)
1714033496.140462 sending message 112 to peer 0xb2c190 (14 bytes)
1714033496.140464 sending message 112 to peer 0xb2c190 (11 bytes)
1714033496.140466 sending message 112 to peer 0xb2c190 (9 bytes)
1714033496.140468 sending message 112 to peer 0xb2c190 (10 bytes)
1714033496.140470 sending message 112 to peer 0xb2c190 (10 bytes)
1714033496.140471 sending message 112 to peer 0xb2c190 (10 bytes)
1714033496.140478 sending message 112 to peer 0xb2c190 (10 bytes)
1714033496.140480 sending message 112 to peer 0xb2c190 (11 bytes)
1714033496.140482 sending message 112 to peer 0xb2c190 (12 bytes)
1714033496.140484 sending message 112 to peer 0xb2c190 (12 bytes)
1714033496.140486 sending message 112 to peer 0xb2c190 (12 bytes)
1714033496.140487 sending message 112 to peer 0xb2c190 (12 bytes)
1714033496.140489 sending message 112 to peer 0xb2c190 (12 bytes)
1714033496.140491 sending message 112 to peer 0xb2c190 (11 bytes)
1714033496.140493 sending message 112 to peer 0xb2c190 (11 bytes)
1714033496.140495 sending message 112 to peer 0xb2c190 (12 bytes)
1714033496.140497 sending message 112 to peer 0xb2c190 (12 bytes)
1714033496.140499 sending message 112 to peer 0xb2c190 (12 bytes)
1714033496.140501 sending message 112 to peer 0xb2c190 (12 bytes)
1714033496.140503 sending message 112 to peer 0xb2c190 (12 bytes)
1714033496.140505 sending message 112 to peer 0xb2c190 (9 bytes)
1714033496.140507 sending message 112 to peer 0xb2c190 (12 bytes)
1714033496.140508 sending message 112 to peer 0xb2c190 (13 bytes)
1714033496.140510 sending message 112 to peer 0xb2c190 (13 bytes)
1714033496.140512 sending message 112 to peer 0xb2c190 (13 bytes)
1714033496.140514 sending message 112 to peer 0xb2c190 (13 bytes)
1714033496.140516 sending message 112 to peer 0xb2c190 (13 bytes)
1714033496.140518 sending message 112 to peer 0xb2c190 (8 bytes)
1714033496.140520 sending message 112 to peer 0xb2c190 (11 bytes)
1714033496.140522 sending message 112 to peer 0xb2c190 (11 bytes)
1714033496.140524 sending message 112 to peer 0xb2c190 (11 bytes)
1714033496.140526 sending message 112 to peer 0xb2c190 (12 bytes)
1714033496.140527 sending message 112 to peer 0xb2c190 (12 bytes)
1714033496.140529 sending message 112 to peer 0xb2c190 (12 bytes)
1714033496.140531 sending message 112 to peer 0xb2c190 (12 bytes)
1714033496.140533 sending message 112 to peer 0xb2c190 (13 bytes)
1714033496.140535 sending message 112 to peer 0xb2c190 (13 bytes)
1714033496.140537 sending message 112 to peer 0xb2c190 (13 bytes)
1714033496.140539 sending message 112 to peer 0xb2c190 (8 bytes)
1714033496.140541 sending message 112 to peer 0xb2c190 (13 bytes)
1714033496.140543 sending message 112 to peer 0xb2c190 (13 bytes)
1714033496.140544 sending message 112 to peer 0xb2c190 (13 bytes)
1714033496.140546 sending message 112 to peer 0xb2c190 (13 bytes)
1714033496.140548 sending message 112 to peer 0xb2c190 (13 bytes)
1714033496.140550 sending message 112 to peer 0xb2c190 (12 bytes)
1714033496.140552 sending message 112 to peer 0xb2c190 (12 bytes)
1714033496.140554 sending message 112 to peer 0xb2c190 (12 bytes)
1714033496.140556 sending message 112 to peer 0xb2c190 (12 bytes)
1714033496.140558 sending message 112 to peer 0xb2c190 (13 bytes)
1714033496.140560 sending message 112 to peer 0xb2c190 (8 bytes)
1714033496.140561 sending message 112 to peer 0xb2c190 (13 bytes)
1714033496.140563 sending message 112 to peer 0xb2c190 (13 bytes)
1714033496.140565 sending message 112 to peer 0xb2c190 (13 bytes)
1714033496.140567 sending message 112 to peer 0xb2c190 (13 bytes)
1714033496.140569 sending message 112 to peer 0xb2c190 (13 bytes)
1714033496.140571 sending message 112 to peer 0xb2c190 (13 bytes)
1714033496.140573 sending message 112 to peer 0xb2c190 (13 bytes)
1714033496.140575 sending message 112 to peer 0xb2c190 (12 bytes)
1714033496.140577 sending message 112 to peer 0xb2c190 (12 bytes)
1714033496.140578 sending message 112 to peer 0xb2c190 (12 bytes)
1714033496.140580 sending message 112 to peer 0xb2c190 (8 bytes)
1714033496.140582 sending message 112 to peer 0xb2c190 (12 bytes)
1714033496.140584 sending message 112 to peer 0xb2c190 (13 bytes)
1714033496.140586 sending message 112 to peer 0xb2c190 (13 bytes)
1714033496.140588 sending message 112 to peer 0xb2c190 (13 bytes)
1714033496.140590 sending message 112 to peer 0xb2c190 (13 bytes)
1714033496.140592 sending message 112 to peer 0xb2c190 (13 bytes)
1714033496.140594 sending message 112 to peer 0xb2c190 (13 bytes)
1714033496.140598 sending message 112 to peer 0xb2c190 (13 bytes)
1714033496.140600 sending message 112 to peer 0xb2c190 (13 bytes)
1714033496.140602 sending message 112 to peer 0xb2c190 (12 bytes)
1714033496.140604 sending message 112 to peer 0xb2c190 (10 bytes)
1714033496.140606 sending message 112 to peer 0xb2c190 (12 bytes)
1714033496.140608 sending message 112 to peer 0xb2c190 (12 bytes)
1714033496.140609 sending message 112 to peer 0xb2c190 (12 bytes)
1714033496.140611 sending message 112 to peer 0xb2c190 (13 bytes)
1714033496.140613 sending message 112 to peer 0xb2c190 (13 bytes)
1714033496.140615 sending message 112 to peer 0xb2c190 (13 bytes)
1714033496.140617 sending message 112 to peer 0xb2c190 (13 bytes)
1714033496.140619 sending message 112 to peer 0xb2c190 (13 bytes)
1714033496.140621 sending message 112 to peer 0xb2c190 (13 bytes)
1714033496.140623 sending message 112 to peer 0xb2c190 (13 bytes)
1714033496.140625 sending message 112 to peer 0xb2c190 (10 bytes)
1714033496.140634 sending message 112 to peer 0xb2c190 (13 bytes)
1714033496.140636 sending message 112 to peer 0xb2c190 (12 bytes)
1714033496.140638 sending message 112 to peer 0xb2c190 (12 bytes)
1714033496.140640 sending message 112 to peer 0xb2c190 (12 bytes)
1714033496.140642 sending message 112 to peer 0xb2c190 (10 bytes)
1714033496.140643 sending message 112 to peer 0xb2c190 (10 bytes)
1714033496.140645 sending message 112 to peer 0xb2c190 (10 bytes)
1714033496.140647 sending message 112 to peer 0xb2c190 (12 bytes)
1714033496.140649 sending message 112 to peer 0xb2c190 (13 bytes)
1714033496.140651 sending message 112 to peer 0xb2c190 (13 bytes)
1714033496.140653 sending message 112 to peer 0xb2c190 (13 bytes)
1714033496.140655 sending message 112 to peer 0xb2c190 (13 bytes)
1714033496.140656 sending message 112 to peer 0xb2c190 (13 bytes)
1714033496.140658 sending message 112 to peer 0xb2c190 (10 bytes)
1714033496.140660 sending message 112 to peer 0xb2c190 (11 bytes)
1714033496.140662 sending message 112 to peer 0xb2c190 (12 bytes)
1714033496.140664 sending message 112 to peer 0xb2c190 (12 bytes)
1714033496.140666 sending message 112 to peer 0xb2c190 (12 bytes)
1714033496.140667 sending message 112 to peer 0xb2c190 (12 bytes)
1714033496.140669 sending message 112 to peer 0xb2c190 (12 bytes)
1714033496.140671 sending message 112 to peer 0xb2c190 (11 bytes)
1714033496.140673 sending message 112 to peer 0xb2c190 (12 bytes)
1714033496.140675 sending message 112 to peer 0xb2c190 (12 bytes)
1714033496.140677 sending message 112 to peer 0xb2c190 (13 bytes)
1714033496.140679 sending message 112 to peer 0xb2c190 (13 bytes)
1714033496.140680 sending message 112 to peer 0xb2c190 (13 bytes)
1714033496.140682 sending message 112 to peer 0xb2c190 (13 bytes)
1714033496.140684 sending message 112 to peer 0xb2c190 (13 bytes)
1714033496.140686 sending message 112 to peer 0xb2c190 (10 bytes)
1714033496.140688 sending message 112 to peer 0xb2c190 (9 bytes)
1714033496.140690 sending message 112 to peer 0xb2c190 (12 bytes)
1714033496.140692 sending message 112 to peer 0xb2c190 (13 bytes)
1714033496.140693 sending message 112 to peer 0xb2c190 (13 bytes)
1714033496.140695 sending message 112 to peer 0xb2c190 (13 bytes)
1714033496.140697 sending message 112 to peer 0xb2c190 (13 bytes)
1714033496.140699 sending message 112 to peer 0xb2c190 (13 bytes)
1714033496.140701 sending message 112 to peer 0xb2c190 (9 bytes)
1714033496.140703 sending message 112 to peer 0xb2c190 (12 bytes)
1714033496.140704 sending message 112 to peer 0xb2c190 (13 bytes)
1714033496.140706 sending message 112 to peer 0xb2c190 (13 bytes)
1714033496.140708 sending message 112 to peer 0xb2c190 (13 bytes)
1714033496.140710 sending message 112 to peer 0xb2c190 (13 bytes)
1714033496.140712 sending message 112 to peer 0xb2c190 (13 bytes)
1714033496.140714 sending message 112 to peer 0xb2c190 (11 bytes)
1714033496.140716 sending message 112 to peer 0xb2c190 (12 bytes)
1714033496.140717 sending message 112 to peer 0xb2c190 (13 bytes)
1714033496.140719 sending message 112 to peer 0xb2c190 (13 bytes)
1714033496.140724 sending message 112 to peer 0xb2c190 (13 bytes)
1714033496.140726 sending message 112 to peer 0xb2c190 (13 bytes)
1714033496.140727 sending message 112 to peer 0xb2c190 (13 bytes)
1714033496.140729 sending message 112 to peer 0xb2c190 (11 bytes)
1714033496.140731 sending message 112 to peer 0xb2c190 (12 bytes)
1714033496.140733 sending message 112 to peer 0xb2c190 (12 bytes)
1714033496.140735 sending message 112 to peer 0xb2c190 (12 bytes)
1714033496.140737 sending message 112 to peer 0xb2c190 (12 bytes)
1714033496.140747 sending message 112 to peer 0xb2c190 (12 bytes)
1714033496.140749 sending message 112 to peer 0xb2c190 (21 bytes)
1714033496.140751 sending message 112 to peer 0xb2c190 (12 bytes)
1714033496.140753 sending message 112 to peer 0xb2c190 (9 bytes)
1714033496.140755 sending message 112 to peer 0xb2c190 (6 bytes)
1714033496.140757 sending message 112 to peer 0xb2c190 (13 bytes)
1714033496.140759 sending message 112 to peer 0xb2c190 (10 bytes)
1714033496.140761 sending message 112 to peer 0xb2c190 (24 bytes)
1714033496.140763 sending message 112 to peer 0xb2c190 (13 bytes)
1714033496.140765 sending message 112 to peer 0xb2c190 (9 bytes)
1714033496.140767 sending message 112 to peer 0xb2c190 (70 bytes)
1714033496.140769 sending message 112 to peer 0xb2c190 (69 bytes)
1714033496.140770 sending message 112 to peer 0xb2c190 (12 bytes)
1714033496.140772 sending message 112 to peer 0xb2c190 (10 bytes)
1714033496.140774 sending message 112 to peer 0xb2c190 (10 bytes)
1714033496.140776 sending message 112 to peer 0xb2c190 (24 bytes)
1714033496.140778 sending message 112 to peer 0xb2c190 (13 bytes)
1714033496.140780 sending message 112 to peer 0xb2c190 (10 bytes)
1714033496.140782 sending message 112 to peer 0xb2c190 (10 bytes)
1714033496.140784 sending message 112 to peer 0xb2c190 (10 bytes)
1714033496.140786 sending message 112 to peer 0xb2c190 (13 bytes)
1714033496.140787 sending message 112 to peer 0xb2c190 (15 bytes)
1714033496.140789 sending message 112 to peer 0xb2c190 (5 bytes)
1714033496.140792 sending message 104 to peer 0xb2c190 (0 bytes)
1714033496.140794 sending message 110 to peer 0xb2c190 (0 bytes)
1714033496.140796 sending message 107 to peer 0xb2c190 (4 bytes)
1714033496.140798 sending message 105 to peer 0xb2c190 (37 bytes)
1714033496.140800 sending message 105 to peer 0xb2c190 (25 bytes)
1714033496.140802 sending message 105 to peer 0xb2c190 (50 bytes)
1714033496.140804 sending message 105 to peer 0xb2c190 (53 bytes)
1714033496.140806 sending message 105 to peer 0xb2c190 (262 bytes)
1714033496.140808 sending message 105 to peer 0xb2c190 (60 bytes)
1714033496.140810 sending message 105 to peer 0xb2c190 (23 bytes)
1714033496.140812 sending message 105 to peer 0xb2c190 (26 bytes)
1714033496.140814 sending message 105 to peer 0xb2c190 (20 bytes)
1714033496.140816 sending message 105 to peer 0xb2c190 (23 bytes)
1714033496.140817 sending message 105 to peer 0xb2c190 (38 bytes)
1714033496.140819 sending message 105 to peer 0xb2c190 (20 bytes)
1714033496.140821 sending message 105 to peer 0xb2c190 (41 bytes)
1714033496.140823 sending message 105 to peer 0xb2c190 (22 bytes)
1714033496.140825 sending message 105 to peer 0xb2c190 (38 bytes)
1714033496.140827 sending message 105 to peer 0xb2c190 (640 bytes)
1714033496.140829 sending message 105 to peer 0xb2c190 (111 bytes)
1714033496.140831 sending message 105 to peer 0xb2c190 (25 bytes)
1714033496.140833 sending message 105 to peer 0xb2c190 (24 bytes)
1714033496.140835 sending message 105 to peer 0xb2c190 (15 bytes)
1714033496.140837 sending message 105 to peer 0xb2c190 (16 bytes)
1714033496.140839 sending message 105 to peer 0xb2c190 (12 bytes)
1714033496.140841 sending message 105 to peer 0xb2c190 (15 bytes)
1714033496.140843 sending message 105 to peer 0xb2c190 (35 bytes)
1714033496.140845 sending message 105 to peer 0xb2c190 (202 bytes)
1714033496.140846 sending message 105 to peer 0xb2c190 (42 bytes)
1714033496.140848 sending message 105 to peer 0xb2c190 (29 bytes)
1714033496.140850 sending message 105 to peer 0xb2c190 (16 bytes)
1714033496.140855 sending message 105 to peer 0xb2c190 (26 bytes)
1714033496.140857 sending message 105 to peer 0xb2c190 (25 bytes)
1714033496.140859 sending message 105 to peer 0xb2c190 (112 bytes)
1714033496.140861 sending message 105 to peer 0xb2c190 (43 bytes)
1714033496.140863 sending message 105 to peer 0xb2c190 (46 bytes)
1714033496.140865 sending message 105 to peer 0xb2c190 (39 bytes)
1714033496.140867 sending message 105 to peer 0xb2c190 (19 bytes)
1714033496.140869 sending message 105 to peer 0xb2c190 (104 bytes)
1714033496.140871 sending message 105 to peer 0xb2c190 (17 bytes)
1714033496.140872 sending message 105 to peer 0xb2c190 (21 bytes)
1714033496.140874 sending message 105 to peer 0xb2c190 (27 bytes)
1714033496.140876 sending message 105 to peer 0xb2c190 (30 bytes)
1714033496.140878 sending message 105 to peer 0xb2c190 (1817 bytes)
1714033496.140888 sending message 105 to peer 0xb2c190 (29 bytes)
1714033496.140890 sending message 105 to peer 0xb2c190 (26 bytes)
1714033496.140891 sending message 105 to peer 0xb2c190 (167 bytes)
1714033496.140893 sending message 105 to peer 0xb2c190 (41 bytes)
1714033496.140895 sending message 105 to peer 0xb2c190 (40 bytes)
1714033496.140897 sending message 105 to peer 0xb2c190 (42 bytes)
1714033496.140899 sending message 105 to peer 0xb2c190 (14 bytes)
1714033496.140901 sending message 105 to peer 0xb2c190 (36 bytes)
1714033496.140903 sending message 105 to peer 0xb2c190 (60 bytes)
1714033496.140905 sending message 105 to peer 0xb2c190 (483 bytes)
1714033496.140907 sending message 105 to peer 0xb2c190 (33 bytes)
1714033496.140909 sending message 105 to peer 0xb2c190 (23 bytes)
1714033496.140911 sending message 105 to peer 0xb2c190 (20 bytes)
1714033496.140913 sending message 105 to peer 0xb2c190 (30 bytes)
1714033496.140915 sending message 105 to peer 0xb2c190 (792 bytes)
1714033496.140917 sending message 105 to peer 0xb2c190 (37 bytes)
1714033496.140918 sending message 105 to peer 0xb2c190 (87 bytes)
1714033496.140920 sending message 105 to peer 0xb2c190 (13 bytes)
1714033496.140922 sending message 105 to peer 0xb2c190 (20 bytes)
1714033496.140924 sending message 105 to peer 0xb2c190 (53 bytes)
1714033496.140926 sending message 105 to peer 0xb2c190 (47 bytes)
1714033496.140928 sending message 105 to peer 0xb2c190 (11 bytes)
1714033496.140930 sending message 105 to peer 0xb2c190 (8 bytes)
1714033496.140932 sending message 105 to peer 0xb2c190 (21 bytes)
1714033496.140934 sending message 105 to peer 0xb2c190 (11 bytes)
1714033496.140935 sending message 105 to peer 0xb2c190 (29 bytes)
1714033496.140937 sending message 105 to peer 0xb2c190 (25 bytes)
1714033496.140939 sending message 105 to peer 0xb2c190 (336 bytes)
1714033496.140941 sending message 105 to peer 0xb2c190 (27 bytes)
1714033496.140943 sending message 105 to peer 0xb2c190 (31 bytes)
1714033496.140945 sending message 105 to peer 0xb2c190 (11 bytes)
1714033496.140947 sending message 105 to peer 0xb2c190 (17 bytes)
1714033496.140949 sending message 105 to peer 0xb2c190 (64 bytes)
1714033496.140951 sending message 105 to peer 0xb2c190 (72 bytes)
1714033496.140953 sending message 105 to peer 0xb2c190 (103 bytes)
1714033496.140955 sending message 105 to peer 0xb2c190 (293 bytes)
1714033496.140957 sending message 105 to peer 0xb2c190 (42 bytes)
1714033496.140959 sending message 105 to peer 0xb2c190 (31 bytes)
1714033496.140960 sending message 105 to peer 0xb2c190 (43 bytes)
1714033496.140962 sending message 105 to peer 0xb2c190 (83 bytes)
1714033496.140964 sending message 105 to peer 0xb2c190 (20 bytes)
1714033496.140966 sending message 105 to peer 0xb2c190 (42 bytes)
1714033496.140968 sending message 105 to peer 0xb2c190 (45 bytes)
1714033496.140970 sending message 105 to peer 0xb2c190 (298 bytes)
1714033496.140972 sending message 105 to peer 0xb2c190 (16 bytes)
1714033496.140974 sending message 105 to peer 0xb2c190 (250 bytes)
1714033496.140976 sending message 105 to peer 0xb2c190 (16 bytes)
1714033496.140978 sending message 105 to peer 0xb2c190 (450 bytes)
1714033496.140980 sending message 105 to peer 0xb2c190 (54 bytes)
1714033496.140985 sending message 105 to peer 0xb2c190 (109 bytes)
1714033496.140987 sending message 105 to peer 0xb2c190 (23 bytes)
1714033496.140988 sending message 105 to peer 0xb2c190 (21 bytes)
1714033496.140990 sending message 105 to peer 0xb2c190 (38 bytes)
1714033496.140992 sending message 105 to peer 0xb2c190 (20 bytes)
1714033496.140994 sending message 105 to peer 0xb2c190 (89 bytes)
1714033496.140996 sending message 106 to peer 0xb2c190 (0 bytes)
1714033496.141035 sending message 200 to peer 0xb2c190 (4 bytes)
1714033496.141037 client loop enter
1714033496.141045 client_signal: Child exited
1714033496.327581 peer 0xb2c190 message 207
1714033496.327685 sending message 208 to peer 0xb2c190 (0 bytes)
1714033498.423503 peer 0xb2c190 message 203
1714033498.423517 sending message 205 to peer 0xb2c190 (0 bytes)
1714033498.423801 peer 0xb2c190 message 204
1714033498.423808 client loop exit
